[0m[1mInitializing modules...[0m
- analytics in ../../modules/analytics
- security in ../../modules/security
- networking in ../../modules/networking
- data in ../../modules/data
- edge in ../../modules/edge
- compute in ../../modules/compute
[0m[1mInitializing provider plugins found in the configuration...[0m
- Finding hashicorp/archive versions matching ">= 2.4.0"...
- Finding hashicorp/aws versions matching ">= 5.0.0"...
- Installing hashicorp/archive v2.8.0...
- Installed hashicorp/archive v2.8.0 (signed by HashiCorp)
- Installing hashicorp/aws v6.52.0...
- Installed hashicorp/aws v6.52.0 (signed by HashiCorp)

[0m[1mInitializing the backend...[0m
[0m[32m
Successfully configured the backend "s3"! Terraform will automatically
use this backend unless the backend configuration changes.[0m

[0m[1mInitializing provider plugins found in the state...[0m

Terraform has created a lock file [1m.terraform.lock.hcl[0m to record the provider
selections it made above. Include this file in your version control repository
so that Terraform can guarantee to make the same selections by default when
you run "terraform init" in the future.[0m

[0m[1m[32mTerraform has been successfully initialized![0m[32m[0m
[0m[32m
You may now begin working with Terraform. Try running "terraform plan" to see
any changes that are required for your infrastructure. All Terraform commands
should now work.

If you ever set or change modules or backend configuration for Terraform,
rerun this command to reinitialize your working directory. If you forget, other
commands will detect it and remind you to do so if necessary.[0m
INIT_EXIT=0
